C:\Users\MBA\Desktop\2013OpenNI2\Skeleton\x64\Debug\cl.command.1.tlog
C:\Users\MBA\Desktop\2013OpenNI2\Skeleton\x64\Debug\CL.read.1.tlog
C:\Users\MBA\Desktop\2013OpenNI2\Skeleton\x64\Debug\CL.write.1.tlog
C:\USERS\MBA\DESKTOP\2013OPENNI2\SKELETON\X64\DEBUG\GUITAR.OBJ
C:\Users\MBA\Desktop\2013OpenNI2\Skeleton\x64\Debug\link.command.1.tlog
C:\Users\MBA\Desktop\2013OpenNI2\Skeleton\x64\Debug\link.read.1.tlog
C:\Users\MBA\Desktop\2013OpenNI2\Skeleton\x64\Debug\link.write.1.tlog
C:\Users\MBA\Desktop\2013OpenNI2\Skeleton\x64\Debug\link-cvtres.read.1.tlog
C:\Users\MBA\Desktop\2013OpenNI2\Skeleton\x64\Debug\link-cvtres.write.1.tlog
C:\Users\MBA\Desktop\2013OpenNI2\Skeleton\x64\Debug\mt.command.1.tlog
C:\Users\MBA\Desktop\2013OpenNI2\Skeleton\x64\Debug\mt.read.1.tlog
C:\Users\MBA\Desktop\2013OpenNI2\Skeleton\x64\Debug\mt.write.1.tlog
C:\Users\MBA\Desktop\2013OpenNI2\Skeleton\x64\Debug\rc.command.1.tlog
C:\Users\MBA\Desktop\2013OpenNI2\Skeleton\x64\Debug\rc.read.1.tlog
C:\Users\MBA\Desktop\2013OpenNI2\Skeleton\x64\Debug\rc.write.1.tlog
C:\USERS\MBA\DESKTOP\2013OPENNI2\SKELETON\X64\DEBUG\RTMIDI.OBJ
C:\USERS\MBA\DESKTOP\2013OPENNI2\SKELETON\X64\DEBUG\SKELETON.EXE.EMBED.MANIFEST
C:\USERS\MBA\DESKTOP\2013OPENNI2\SKELETON\X64\DEBUG\SKELETON.EXE.EMBED.MANIFEST.RES
C:\USERS\MBA\DESKTOP\2013OPENNI2\SKELETON\X64\DEBUG\SKELETON.EXE.INTERMEDIATE.MANIFEST
C:\USERS\MBA\DESKTOP\2013OPENNI2\SKELETON\X64\DEBUG\SKELETON.RES
C:\Users\MBA\Desktop\2013OpenNI2\Skeleton\x64\Debug\Skeleton.write.1.tlog
C:\Users\MBA\Desktop\2013OpenNI2\Skeleton\x64\Debug\Skeleton_manifest.rc
C:\Users\MBA\Desktop\2013OpenNI2\Skeleton\x64\Debug\vc100.idb
C:\USERS\MBA\DESKTOP\2013OPENNI2\SKELETON\X64\DEBUG\VC100.PDB
C:\USERS\MBA\DESKTOP\2013OPENNI2\X64\DEBUG\SKELETON.EXE
C:\USERS\MBA\DESKTOP\2013OPENNI2\X64\DEBUG\SKELETON.ILK
C:\USERS\MBA\DESKTOP\2013OPENNI2\X64\DEBUG\SKELETON.PDB
