C:\Users\MBA\Desktop\2013OpenNI2\Skeleton\x64\Release\cl.command.1.tlog
C:\Users\MBA\Desktop\2013OpenNI2\Skeleton\x64\Release\CL.read.1.tlog
C:\Users\MBA\Desktop\2013OpenNI2\Skeleton\x64\Release\CL.write.1.tlog
C:\USERS\MBA\DESKTOP\2013OPENNI2\SKELETON\X64\RELEASE\GUITAR.OBJ
C:\Users\MBA\Desktop\2013OpenNI2\Skeleton\x64\Release\link.command.1.tlog
C:\Users\MBA\Desktop\2013OpenNI2\Skeleton\x64\Release\link.read.1.tlog
C:\Users\MBA\Desktop\2013OpenNI2\Skeleton\x64\Release\link.write.1.tlog
C:\Users\MBA\Desktop\2013OpenNI2\Skeleton\x64\Release\link-cvtres.read.1.tlog
C:\Users\MBA\Desktop\2013OpenNI2\Skeleton\x64\Release\link-cvtres.write.1.tlog
C:\Users\MBA\Desktop\2013OpenNI2\Skeleton\x64\Release\mt.command.1.tlog
C:\Users\MBA\Desktop\2013OpenNI2\Skeleton\x64\Release\mt.read.1.tlog
C:\Users\MBA\Desktop\2013OpenNI2\Skeleton\x64\Release\mt.write.1.tlog
C:\Users\MBA\Desktop\2013OpenNI2\Skeleton\x64\Release\rc.command.1.tlog
C:\Users\MBA\Desktop\2013OpenNI2\Skeleton\x64\Release\rc.read.1.tlog
C:\Users\MBA\Desktop\2013OpenNI2\Skeleton\x64\Release\rc.write.1.tlog
C:\USERS\MBA\DESKTOP\2013OPENNI2\SKELETON\X64\RELEASE\RTMIDI.OBJ
C:\USERS\MBA\DESKTOP\2013OPENNI2\SKELETON\X64\RELEASE\SKELETON.EXE.INTERMEDIATE.MANIFEST
C:\USERS\MBA\DESKTOP\2013OPENNI2\SKELETON\X64\RELEASE\SKELETON.RES
C:\Users\MBA\Desktop\2013OpenNI2\Skeleton\x64\Release\Skeleton.write.1.tlog
C:\USERS\MBA\DESKTOP\2013OPENNI2\SKELETON\X64\RELEASE\VC100.PDB
C:\USERS\MBA\DESKTOP\2013OPENNI2\X64\RELEASE\SKELETON.EXE
C:\USERS\MBA\DESKTOP\2013OPENNI2\X64\RELEASE\SKELETON.PDB
