Build started 2013/9/8 上午 05:23:27.
     1>Project "C:\Users\MBA\Desktop\2013OpenNI2\Skeleton\Skeleton.vcxproj" on node 2 (rebuild target(s)).
     1>_PrepareForClean:
         Deleting file "x64\Release\Skeleton.lastbuildstate".
       InitializeBuildStatus:
         Creating "x64\Release\Skeleton.unsuccessfulbuild" because "AlwaysCreate" was specified.
       ClCompile:
         C:\Program Files (x86)\Microsoft Visual Studio 10.0\VC\bin\x86_amd64\CL.exe /c /I"C:\Program Files\PrimeSense\NiTE2\Include\\" /IC:\opencv\build\include\opencv2 /IC:\opencv\build\include\opencv /IC:\opencv\build\include /I"C:\Program Files\OpenNI2\Include\\" /Zi /nologo /W3 /WX- /O2 /Oi /GL /D WIN32 /D NDEBUG /D _CONSOLE /D _UNICODE /D UNICODE /Gm- /EHsc /MT /GS /Gy /fp:precise /Zc:wchar_t /Zc:forScope /Fo"x64\Release\\" /Fd"x64\Release\vc100.pdb" /Gd /TP /errorReport:prompt Guitar.cpp RtMidi.cpp
         Guitar.cpp
     1>c:\users\mba\desktop\2013openni2\skeleton\MakeMidiSound.h(18): warning C4101: 'input' : unreferenced local variable
     1>c:\users\mba\desktop\2013openni2\skeleton\MakeMidiSound.h(16): warning C4101: 'keyPress' : unreferenced local variable
     1>Guitar.cpp(248): warning C4244: 'argument' : conversion from 'float' to 'int', possible loss of data
     1>Guitar.cpp(248): warning C4244: 'argument' : conversion from 'float' to 'int', possible loss of data
     1>Guitar.cpp(249): warning C4244: 'argument' : conversion from 'float' to 'int', possible loss of data
     1>Guitar.cpp(249): warning C4244: 'argument' : conversion from 'float' to 'int', possible loss of data
         RtMidi.cpp
     1>RtMidi.cpp(2140): warning C4267: 'argument' : conversion from 'size_t' to 'int', possible loss of data
     1>RtMidi.cpp(2215): warning C4267: 'argument' : conversion from 'size_t' to 'int', possible loss of data
       ResourceCompile:
         C:\Program Files (x86)\Microsoft SDKs\Windows\v7.0A\bin\rc.exe /D _UNICODE /D UNICODE /l"0x0409" /nologo /fo"x64\Release\Skeleton.res" Skeleton.rc 
       Link:
         C:\Program Files (x86)\Microsoft Visual Studio 10.0\VC\bin\x86_amd64\link.exe /ERRORREPORT:PROMPT /OUT:"C:\Users\MBA\Desktop\2013OpenNI2\x64\Release\Skeleton.exe" /INCREMENTAL:NO /NOLOGO /LIBPATH:"C:\Program Files\PrimeSense\NiTE2\Lib\\" /LIBPATH:"C:\Program Files\OpenNI2\Lib\\" /LIBPATH:C:\opencv\build\x64\vc10\lib opencv_core246d.lib opencv_highgui246d.lib opencv_video246d.lib opencv_ml246d.lib opencv_legacy246d.lib opencv_imgproc246d.lib opencv_objdetect246d.lib OpenNI2.lib NiTE2.lib winmm.lib kernel32.lib user32.lib gdi32.lib winspool.lib comdlg32.lib advapi32.lib shell32.lib ole32.lib oleaut32.lib uuid.lib odbc32.lib odbccp32.lib /MANIFEST /ManifestFile:"x64\Release\Skeleton.exe.intermediate.manifest" /MANIFESTUAC:"level='asInvoker' uiAccess='false'" /DEBUG /PDB:"C:\Users\MBA\Desktop\2013OpenNI2\x64\Release\Skeleton.pdb" /SUBSYSTEM:CONSOLE /OPT:REF /OPT:ICF /LTCG /TLBID:1 /DYNAMICBASE /NXCOMPAT /IMPLIB:"C:\Users\MBA\Desktop\2013OpenNI2\x64\Release\Skeleton.lib" /MACHINE:X64 x64\Release\Skeleton.res
         x64\Release\Guitar.obj
         x64\Release\RtMidi.obj
         Generating code
         Finished generating code
         Skeleton.vcxproj -> C:\Users\MBA\Desktop\2013OpenNI2\x64\Release\Skeleton.exe
       Manifest:
         C:\Program Files (x86)\Microsoft SDKs\Windows\v7.0A\bin\mt.exe /nologo /verbose /outputresource:"C:\Users\MBA\Desktop\2013OpenNI2\x64\Release\Skeleton.exe;#1" /manifest x64\Release\Skeleton.exe.intermediate.manifest
       FinalizeBuildStatus:
         Deleting file "x64\Release\Skeleton.unsuccessfulbuild".
         Touching "x64\Release\Skeleton.lastbuildstate".
     1>Done Building Project "C:\Users\MBA\Desktop\2013OpenNI2\Skeleton\Skeleton.vcxproj" (rebuild target(s)).

Build succeeded.

Time Elapsed 00:00:03.27
